{"/media/ejex/data/web/datepickertest/src/components/DatePicker/utils/getDayWeek.ts": {"path":"/media/ejex/data/web/datepickertest/src/components/DatePicker/utils/getDayWeek.ts","all":false,"statementMap":{"0":{"start":{"line":1,"column":0},"end":{"line":1,"column":27}},"1":{"start":{"line":2,"column":0},"end":{"line":2,"column":15}},"2":{"start":{"line":3,"column":0},"end":{"line":3,"column":16}},"3":{"start":{"line":4,"column":0},"end":{"line":4,"column":21}},"4":{"start":{"line":5,"column":0},"end":{"line":5,"column":20}},"5":{"start":{"line":6,"column":0},"end":{"line":6,"column":14}},"6":{"start":{"line":7,"column":0},"end":{"line":7,"column":56}},"7":{"start":{"line":8,"column":0},"end":{"line":8,"column":40}},"8":{"start":{"line":9,"column":0},"end":{"line":9,"column":1}}},"s":{"0":1,"1":3,"2":3,"3":3,"4":3,"5":3,"6":3,"7":3,"8":3},"branchMap":{"0":{"type":"branch","line":1,"loc":{"start":{"line":1,"column":26},"end":{"line":9,"column":1}},"locations":[{"start":{"line":1,"column":26},"end":{"line":9,"column":1}}]},"1":{"type":"branch","line":8,"loc":{"start":{"line":8,"column":25},"end":{"line":8,"column":40}},"locations":[{"start":{"line":8,"column":25},"end":{"line":8,"column":40}}]}},"b":{"0":[3],"1":[0]},"fnMap":{"0":{"name":"getDayWeek","decl":{"start":{"line":1,"column":26},"end":{"line":9,"column":1}},"loc":{"start":{"line":1,"column":26},"end":{"line":9,"column":1}},"line":1}},"f":{"0":3}}
}
