{"/media/ejex/data/web/datepickertest/src/App.vue": {"path":"/media/ejex/data/web/datepickertest/src/App.vue","all":false,"statementMap":{"0":{"start":{"line":1,"column":0},"end":{"line":1,"column":24}},"1":{"start":{"line":2,"column":0},"end":{"line":2,"column":63}},"2":{"start":{"line":3,"column":0},"end":{"line":3,"column":25}},"3":{"start":{"line":4,"column":0},"end":{"line":4,"column":18}},"4":{"start":{"line":5,"column":0},"end":{"line":5,"column":26}},"5":{"start":{"line":6,"column":0},"end":{"line":6,"column":35}},"6":{"start":{"line":7,"column":0},"end":{"line":7,"column":19}},"7":{"start":{"line":8,"column":0},"end":{"line":8,"column":1}},"8":{"start":{"line":9,"column":0},"end":{"line":9,"column":41}},"9":{"start":{"line":10,"column":0},"end":{"line":10,"column":27}},"10":{"start":{"line":11,"column":0},"end":{"line":11,"column":37}},"11":{"start":{"line":12,"column":0},"end":{"line":12,"column":14}},"12":{"start":{"line":13,"column":0},"end":{"line":13,"column":23}},"13":{"start":{"line":14,"column":0},"end":{"line":14,"column":3}},"14":{"start":{"line":15,"column":0},"end":{"line":15,"column":15}},"15":{"start":{"line":16,"column":0},"end":{"line":16,"column":43}},"16":{"start":{"line":17,"column":0},"end":{"line":17,"column":3}},"17":{"start":{"line":18,"column":0},"end":{"line":18,"column":1}},"18":{"start":{"line":19,"column":0},"end":{"line":19,"column":9}},"19":{"start":{"line":20,"column":0},"end":{"line":20,"column":0}},"20":{"start":{"line":21,"column":0},"end":{"line":21,"column":10}},"21":{"start":{"line":22,"column":0},"end":{"line":22,"column":10}},"22":{"start":{"line":23,"column":0},"end":{"line":23,"column":51}},"23":{"start":{"line":24,"column":0},"end":{"line":24,"column":11}},"24":{"start":{"line":25,"column":0},"end":{"line":25,"column":0}},"25":{"start":{"line":26,"column":0},"end":{"line":26,"column":8}},"26":{"start":{"line":27,"column":0},"end":{"line":27,"column":53}},"27":{"start":{"line":28,"column":0},"end":{"line":28,"column":11}},"28":{"start":{"line":29,"column":0},"end":{"line":29,"column":35}},"29":{"start":{"line":30,"column":0},"end":{"line":30,"column":14}},"30":{"start":{"line":31,"column":0},"end":{"line":31,"column":15}},"31":{"start":{"line":32,"column":0},"end":{"line":32,"column":20}},"32":{"start":{"line":33,"column":0},"end":{"line":33,"column":28}},"33":{"start":{"line":34,"column":0},"end":{"line":34,"column":9}},"34":{"start":{"line":35,"column":0},"end":{"line":35,"column":7}},"35":{"start":{"line":36,"column":0},"end":{"line":36,"column":5}},"36":{"start":{"line":37,"column":0},"end":{"line":37,"column":17}},"37":{"start":{"line":38,"column":0},"end":{"line":38,"column":13}},"38":{"start":{"line":39,"column":0},"end":{"line":39,"column":15}},"39":{"start":{"line":40,"column":0},"end":{"line":40,"column":41}},"40":{"start":{"line":41,"column":0},"end":{"line":41,"column":43}},"41":{"start":{"line":42,"column":0},"end":{"line":42,"column":12}},"42":{"start":{"line":43,"column":0},"end":{"line":43,"column":20}},"43":{"start":{"line":44,"column":0},"end":{"line":44,"column":23}},"44":{"start":{"line":45,"column":0},"end":{"line":45,"column":35}},"45":{"start":{"line":46,"column":0},"end":{"line":46,"column":9}},"46":{"start":{"line":47,"column":0},"end":{"line":47,"column":7}},"47":{"start":{"line":48,"column":0},"end":{"line":48,"column":27}},"48":{"start":{"line":49,"column":0},"end":{"line":49,"column":18}},"49":{"start":{"line":50,"column":0},"end":{"line":50,"column":6}},"50":{"start":{"line":51,"column":0},"end":{"line":51,"column":9}},"51":{"start":{"line":52,"column":0},"end":{"line":52,"column":11}},"52":{"start":{"line":53,"column":0},"end":{"line":53,"column":0}},"53":{"start":{"line":54,"column":0},"end":{"line":54,"column":14}},"54":{"start":{"line":55,"column":0},"end":{"line":55,"column":8}},"55":{"start":{"line":56,"column":0},"end":{"line":56,"column":19}},"56":{"start":{"line":57,"column":0},"end":{"line":57,"column":1}},"57":{"start":{"line":58,"column":0},"end":{"line":58,"column":0}},"58":{"start":{"line":59,"column":0},"end":{"line":59,"column":7}},"59":{"start":{"line":60,"column":0},"end":{"line":60,"column":17}},"60":{"start":{"line":61,"column":0},"end":{"line":61,"column":22}},"61":{"start":{"line":62,"column":0},"end":{"line":62,"column":1}},"62":{"start":{"line":63,"column":0},"end":{"line":63,"column":0}},"63":{"start":{"line":64,"column":0},"end":{"line":64,"column":28}},"64":{"start":{"line":65,"column":0},"end":{"line":65,"column":10}},"65":{"start":{"line":66,"column":0},"end":{"line":66,"column":18}},"66":{"start":{"line":67,"column":0},"end":{"line":67,"column":24}},"67":{"start":{"line":68,"column":0},"end":{"line":68,"column":48}},"68":{"start":{"line":69,"column":0},"end":{"line":69,"column":3}},"69":{"start":{"line":70,"column":0},"end":{"line":70,"column":0}},"70":{"start":{"line":71,"column":0},"end":{"line":71,"column":9}},"71":{"start":{"line":72,"column":0},"end":{"line":72,"column":23}},"72":{"start":{"line":73,"column":0},"end":{"line":73,"column":3}},"73":{"start":{"line":74,"column":0},"end":{"line":74,"column":0}},"74":{"start":{"line":75,"column":0},"end":{"line":75,"column":19}},"75":{"start":{"line":76,"column":0},"end":{"line":76,"column":18}},"76":{"start":{"line":77,"column":0},"end":{"line":77,"column":28}},"77":{"start":{"line":78,"column":0},"end":{"line":78,"column":20}},"78":{"start":{"line":79,"column":0},"end":{"line":79,"column":3}},"79":{"start":{"line":80,"column":0},"end":{"line":80,"column":1}},"80":{"start":{"line":81,"column":0},"end":{"line":81,"column":8}}},"s":{"0":1,"1":1,"2":1,"3":1,"4":1,"5":1,"6":1,"7":1,"8":1,"9":1,"10":1,"11":0,"12":0,"13":0,"14":0,"15":0,"16":0,"17":0,"18":1,"19":1,"20":1,"21":1,"22":1,"23":1,"24":1,"25":1,"26":1,"27":1,"28":1,"29":1,"30":1,"31":1,"32":1,"33":1,"34":1,"35":1,"36":1,"37":1,"38":1,"39":1,"40":1,"41":1,"42":1,"43":1,"44":1,"45":1,"46":1,"47":1,"48":1,"49":1,"50":1,"51":1,"52":1,"53":1,"54":1,"55":1,"56":1,"57":1,"58":1,"59":1,"60":1,"61":1,"62":1,"63":1,"64":1,"65":1,"66":1,"67":1,"68":1,"69":1,"70":1,"71":1,"72":1,"73":1,"74":1,"75":1,"76":1,"77":1,"78":1,"79":1,"80":1},"branchMap":{"0":{"type":"branch","line":6,"loc":{"start":{"line":6,"column":15},"end":{"line":8,"column":1}},"locations":[{"start":{"line":6,"column":15},"end":{"line":8,"column":1}}]},"1":{"type":"branch","line":27,"loc":{"start":{"line":27,"column":46},"end":{"line":27,"column":53}},"locations":[{"start":{"line":27,"column":46},"end":{"line":27,"column":53}}]},"2":{"type":"branch","line":30,"loc":{"start":{"line":30,"column":12},"end":{"line":30,"column":14}},"locations":[{"start":{"line":30,"column":12},"end":{"line":30,"column":14}}]},"3":{"type":"branch","line":41,"loc":{"start":{"line":41,"column":12},"end":{"line":41,"column":43}},"locations":[{"start":{"line":41,"column":12},"end":{"line":41,"column":43}}]},"4":{"type":"branch","line":42,"loc":{"start":{"line":42,"column":10},"end":{"line":42,"column":12}},"locations":[{"start":{"line":42,"column":10},"end":{"line":42,"column":12}}]},"5":{"type":"branch","line":42,"loc":{"start":{"line":42,"column":10},"end":{"line":42,"column":12}},"locations":[{"start":{"line":42,"column":10},"end":{"line":42,"column":12}}]}},"b":{"0":[1],"1":[1],"2":[1],"3":[1],"4":[1],"5":[1]},"fnMap":{"0":{"name":"setDay","decl":{"start":{"line":6,"column":15},"end":{"line":8,"column":1}},"loc":{"start":{"line":6,"column":15},"end":{"line":8,"column":1}},"line":6},"1":{"name":"setStart","decl":{"start":{"line":11,"column":17},"end":{"line":18,"column":1}},"loc":{"start":{"line":11,"column":17},"end":{"line":18,"column":1}},"line":11},"2":{"name":"__vite_ssr_import_3__.createElementBlock.__vite_ssr_import_3__.createElementVNode.__vite_ssr_import_3__.createElementVNode.onClick._cache.<computed>._cache.<computed>","decl":{"start":{"line":30,"column":12},"end":{"line":30,"column":14}},"loc":{"start":{"line":30,"column":12},"end":{"line":30,"column":14}},"line":30},"3":{"name":"__vite_ssr_import_3__.createElementBlock.__vite_ssr_import_3__.createElementVNode.__vite_ssr_import_3__.createVNode.onRight._cache.<computed>._cache.<computed>","decl":{"start":{"line":41,"column":12},"end":{"line":41,"column":43}},"loc":{"start":{"line":41,"column":12},"end":{"line":41,"column":43}},"line":41},"4":{"name":"__vite_ssr_import_3__.createElementBlock.__vite_ssr_import_3__.createElementVNode.__vite_ssr_import_3__.createVNode.onDay._cache.<computed>._cache.<computed>","decl":{"start":{"line":42,"column":10},"end":{"line":42,"column":12}},"loc":{"start":{"line":42,"column":10},"end":{"line":42,"column":12}},"line":42}},"f":{"0":1,"1":0,"2":0,"3":0,"4":1}}
,"/media/ejex/data/web/datepickertest/src/components/DatePicker/DatePicker.vue": {"path":"/media/ejex/data/web/datepickertest/src/components/DatePicker/DatePicker.vue","all":false,"statementMap":{"0":{"start":{"line":1,"column":0},"end":{"line":1,"column":24}},"1":{"start":{"line":2,"column":0},"end":{"line":2,"column":45}},"2":{"start":{"line":3,"column":0},"end":{"line":3,"column":53}},"3":{"start":{"line":4,"column":0},"end":{"line":4,"column":45}},"4":{"start":{"line":5,"column":0},"end":{"line":5,"column":49}},"5":{"start":{"line":6,"column":0},"end":{"line":6,"column":43}},"6":{"start":{"line":7,"column":0},"end":{"line":7,"column":51}},"7":{"start":{"line":8,"column":0},"end":{"line":8,"column":55}},"8":{"start":{"line":9,"column":0},"end":{"line":9,"column":0}},"9":{"start":{"line":10,"column":0},"end":{"line":10,"column":27}},"10":{"start":{"line":11,"column":0},"end":{"line":11,"column":15}},"11":{"start":{"line":12,"column":0},"end":{"line":12,"column":14}},"12":{"start":{"line":13,"column":0},"end":{"line":13,"column":23}},"13":{"start":{"line":14,"column":0},"end":{"line":14,"column":20}},"14":{"start":{"line":15,"column":0},"end":{"line":15,"column":19}},"15":{"start":{"line":16,"column":0},"end":{"line":16,"column":17}},"16":{"start":{"line":17,"column":0},"end":{"line":17,"column":7}},"17":{"start":{"line":18,"column":0},"end":{"line":18,"column":3}},"18":{"start":{"line":19,"column":0},"end":{"line":19,"column":17}},"19":{"start":{"line":20,"column":0},"end":{"line":20,"column":16}},"20":{"start":{"line":21,"column":0},"end":{"line":21,"column":19}},"21":{"start":{"line":22,"column":0},"end":{"line":22,"column":14}},"22":{"start":{"line":23,"column":0},"end":{"line":23,"column":3}},"23":{"start":{"line":24,"column":0},"end":{"line":24,"column":1}},"24":{"start":{"line":25,"column":0},"end":{"line":25,"column":26}},"25":{"start":{"line":26,"column":0},"end":{"line":26,"column":34}},"26":{"start":{"line":27,"column":0},"end":{"line":27,"column":35}},"27":{"start":{"line":28,"column":0},"end":{"line":28,"column":33}},"28":{"start":{"line":29,"column":0},"end":{"line":29,"column":4}},"29":{"start":{"line":30,"column":0},"end":{"line":30,"column":77}},"30":{"start":{"line":31,"column":0},"end":{"line":31,"column":26}},"31":{"start":{"line":32,"column":0},"end":{"line":32,"column":28}},"32":{"start":{"line":33,"column":0},"end":{"line":33,"column":30}},"33":{"start":{"line":34,"column":0},"end":{"line":34,"column":32}},"34":{"start":{"line":35,"column":0},"end":{"line":35,"column":40}},"35":{"start":{"line":36,"column":0},"end":{"line":36,"column":51}},"36":{"start":{"line":37,"column":0},"end":{"line":37,"column":37}},"37":{"start":{"line":38,"column":0},"end":{"line":38,"column":45}},"38":{"start":{"line":39,"column":0},"end":{"line":39,"column":41}},"39":{"start":{"line":40,"column":0},"end":{"line":40,"column":25}},"40":{"start":{"line":41,"column":0},"end":{"line":41,"column":1}},"41":{"start":{"line":42,"column":0},"end":{"line":42,"column":17}},"42":{"start":{"line":43,"column":0},"end":{"line":43,"column":34}},"43":{"start":{"line":44,"column":0},"end":{"line":44,"column":37}},"44":{"start":{"line":45,"column":0},"end":{"line":45,"column":39}},"45":{"start":{"line":46,"column":0},"end":{"line":46,"column":32}},"46":{"start":{"line":47,"column":0},"end":{"line":47,"column":66}},"47":{"start":{"line":48,"column":0},"end":{"line":48,"column":3}},"48":{"start":{"line":49,"column":0},"end":{"line":49,"column":32}},"49":{"start":{"line":50,"column":0},"end":{"line":50,"column":66}},"50":{"start":{"line":51,"column":0},"end":{"line":51,"column":3}},"51":{"start":{"line":52,"column":0},"end":{"line":52,"column":2}},"52":{"start":{"line":53,"column":0},"end":{"line":53,"column":6}},"53":{"start":{"line":54,"column":0},"end":{"line":54,"column":26}},"54":{"start":{"line":55,"column":0},"end":{"line":55,"column":9}},"55":{"start":{"line":56,"column":0},"end":{"line":56,"column":34}},"56":{"start":{"line":57,"column":0},"end":{"line":57,"column":68}},"57":{"start":{"line":58,"column":0},"end":{"line":58,"column":5}},"58":{"start":{"line":59,"column":0},"end":{"line":59,"column":34}},"59":{"start":{"line":60,"column":0},"end":{"line":60,"column":68}},"60":{"start":{"line":61,"column":0},"end":{"line":61,"column":5}},"61":{"start":{"line":62,"column":0},"end":{"line":62,"column":38}},"62":{"start":{"line":63,"column":0},"end":{"line":63,"column":43}},"63":{"start":{"line":64,"column":0},"end":{"line":64,"column":17}},"64":{"start":{"line":65,"column":0},"end":{"line":65,"column":18}},"65":{"start":{"line":66,"column":0},"end":{"line":66,"column":24}},"66":{"start":{"line":67,"column":0},"end":{"line":67,"column":19}},"67":{"start":{"line":68,"column":0},"end":{"line":68,"column":17}},"68":{"start":{"line":69,"column":0},"end":{"line":69,"column":5}},"69":{"start":{"line":70,"column":0},"end":{"line":70,"column":3}},"70":{"start":{"line":71,"column":0},"end":{"line":71,"column":1}},"71":{"start":{"line":72,"column":0},"end":{"line":72,"column":6}},"72":{"start":{"line":73,"column":0},"end":{"line":73,"column":19}},"73":{"start":{"line":74,"column":0},"end":{"line":74,"column":9}},"74":{"start":{"line":75,"column":0},"end":{"line":75,"column":36}},"75":{"start":{"line":76,"column":0},"end":{"line":76,"column":39}},"76":{"start":{"line":77,"column":0},"end":{"line":77,"column":41}},"77":{"start":{"line":78,"column":0},"end":{"line":78,"column":26}},"78":{"start":{"line":79,"column":0},"end":{"line":79,"column":3}},"79":{"start":{"line":80,"column":0},"end":{"line":80,"column":1}},"80":{"start":{"line":81,"column":0},"end":{"line":81,"column":28}},"81":{"start":{"line":82,"column":0},"end":{"line":82,"column":58}},"82":{"start":{"line":83,"column":0},"end":{"line":83,"column":36}},"83":{"start":{"line":84,"column":0},"end":{"line":84,"column":41}},"84":{"start":{"line":85,"column":0},"end":{"line":85,"column":15}},"85":{"start":{"line":86,"column":0},"end":{"line":86,"column":16}},"86":{"start":{"line":87,"column":0},"end":{"line":87,"column":22}},"87":{"start":{"line":88,"column":0},"end":{"line":88,"column":17}},"88":{"start":{"line":89,"column":0},"end":{"line":89,"column":15}},"89":{"start":{"line":90,"column":0},"end":{"line":90,"column":3}},"90":{"start":{"line":91,"column":0},"end":{"line":91,"column":27}},"91":{"start":{"line":92,"column":0},"end":{"line":92,"column":13}},"92":{"start":{"line":93,"column":0},"end":{"line":93,"column":15}},"93":{"start":{"line":94,"column":0},"end":{"line":94,"column":22}},"94":{"start":{"line":95,"column":0},"end":{"line":95,"column":25}},"95":{"start":{"line":96,"column":0},"end":{"line":96,"column":3}},"96":{"start":{"line":97,"column":0},"end":{"line":97,"column":2}},"97":{"start":{"line":98,"column":0},"end":{"line":98,"column":26}},"98":{"start":{"line":99,"column":0},"end":{"line":99,"column":58}},"99":{"start":{"line":100,"column":0},"end":{"line":100,"column":36}},"100":{"start":{"line":101,"column":0},"end":{"line":101,"column":41}},"101":{"start":{"line":102,"column":0},"end":{"line":102,"column":15}},"102":{"start":{"line":103,"column":0},"end":{"line":103,"column":16}},"103":{"start":{"line":104,"column":0},"end":{"line":104,"column":22}},"104":{"start":{"line":105,"column":0},"end":{"line":105,"column":17}},"105":{"start":{"line":106,"column":0},"end":{"line":106,"column":15}},"106":{"start":{"line":107,"column":0},"end":{"line":107,"column":3}},"107":{"start":{"line":108,"column":0},"end":{"line":108,"column":27}},"108":{"start":{"line":109,"column":0},"end":{"line":109,"column":16}},"109":{"start":{"line":110,"column":0},"end":{"line":110,"column":12}},"110":{"start":{"line":111,"column":0},"end":{"line":111,"column":22}},"111":{"start":{"line":112,"column":0},"end":{"line":112,"column":25}},"112":{"start":{"line":113,"column":0},"end":{"line":113,"column":3}},"113":{"start":{"line":114,"column":0},"end":{"line":114,"column":2}},"114":{"start":{"line":115,"column":0},"end":{"line":115,"column":38}},"115":{"start":{"line":116,"column":0},"end":{"line":116,"column":78}},"116":{"start":{"line":117,"column":0},"end":{"line":117,"column":27}},"117":{"start":{"line":118,"column":0},"end":{"line":118,"column":16}},"118":{"start":{"line":119,"column":0},"end":{"line":119,"column":15}},"119":{"start":{"line":120,"column":0},"end":{"line":120,"column":22}},"120":{"start":{"line":121,"column":0},"end":{"line":121,"column":25}},"121":{"start":{"line":122,"column":0},"end":{"line":122,"column":3}},"122":{"start":{"line":123,"column":0},"end":{"line":123,"column":2}},"123":{"start":{"line":124,"column":0},"end":{"line":124,"column":53}},"124":{"start":{"line":125,"column":0},"end":{"line":125,"column":30}},"125":{"start":{"line":126,"column":0},"end":{"line":126,"column":25}},"126":{"start":{"line":127,"column":0},"end":{"line":127,"column":46}},"127":{"start":{"line":128,"column":0},"end":{"line":128,"column":13}},"128":{"start":{"line":129,"column":0},"end":{"line":129,"column":23}},"129":{"start":{"line":130,"column":0},"end":{"line":130,"column":51}},"130":{"start":{"line":131,"column":0},"end":{"line":131,"column":34}},"131":{"start":{"line":132,"column":0},"end":{"line":132,"column":8}},"132":{"start":{"line":133,"column":0},"end":{"line":133,"column":9}},"133":{"start":{"line":134,"column":0},"end":{"line":134,"column":5}},"134":{"start":{"line":135,"column":0},"end":{"line":135,"column":29}},"135":{"start":{"line":136,"column":0},"end":{"line":136,"column":26}},"136":{"start":{"line":137,"column":0},"end":{"line":137,"column":3}},"137":{"start":{"line":138,"column":0},"end":{"line":138,"column":2}},"138":{"start":{"line":139,"column":0},"end":{"line":139,"column":9}},"139":{"start":{"line":140,"column":0},"end":{"line":140,"column":0}},"140":{"start":{"line":141,"column":0},"end":{"line":141,"column":10}},"141":{"start":{"line":142,"column":0},"end":{"line":142,"column":53}},"142":{"start":{"line":143,"column":0},"end":{"line":143,"column":59}},"143":{"start":{"line":144,"column":0},"end":{"line":144,"column":46}},"144":{"start":{"line":145,"column":0},"end":{"line":145,"column":24}},"145":{"start":{"line":146,"column":0},"end":{"line":146,"column":23}},"146":{"start":{"line":147,"column":0},"end":{"line":147,"column":10}},"147":{"start":{"line":148,"column":0},"end":{"line":148,"column":61}},"148":{"start":{"line":149,"column":0},"end":{"line":149,"column":8}},"149":{"start":{"line":150,"column":0},"end":{"line":150,"column":53}},"150":{"start":{"line":151,"column":0},"end":{"line":151,"column":58}},"151":{"start":{"line":152,"column":0},"end":{"line":152,"column":8}},"152":{"start":{"line":153,"column":0},"end":{"line":153,"column":8}},"153":{"start":{"line":154,"column":0},"end":{"line":154,"column":52}},"154":{"start":{"line":155,"column":0},"end":{"line":155,"column":8}},"155":{"start":{"line":156,"column":0},"end":{"line":156,"column":34}},"156":{"start":{"line":157,"column":0},"end":{"line":157,"column":14}},"157":{"start":{"line":158,"column":0},"end":{"line":158,"column":40}},"158":{"start":{"line":159,"column":0},"end":{"line":159,"column":5}},"159":{"start":{"line":160,"column":0},"end":{"line":160,"column":10}},"160":{"start":{"line":161,"column":0},"end":{"line":161,"column":30}},"161":{"start":{"line":162,"column":0},"end":{"line":162,"column":121}},"162":{"start":{"line":163,"column":0},"end":{"line":163,"column":17}},"163":{"start":{"line":164,"column":0},"end":{"line":164,"column":80}},"164":{"start":{"line":165,"column":0},"end":{"line":165,"column":60}},"165":{"start":{"line":166,"column":0},"end":{"line":166,"column":69}},"166":{"start":{"line":167,"column":0},"end":{"line":167,"column":23}},"167":{"start":{"line":168,"column":0},"end":{"line":168,"column":30}},"168":{"start":{"line":169,"column":0},"end":{"line":169,"column":16}},"169":{"start":{"line":170,"column":0},"end":{"line":170,"column":10}},"170":{"start":{"line":171,"column":0},"end":{"line":171,"column":23}},"171":{"start":{"line":172,"column":0},"end":{"line":172,"column":16}},"172":{"start":{"line":173,"column":0},"end":{"line":173,"column":17}},"173":{"start":{"line":174,"column":0},"end":{"line":174,"column":34}},"174":{"start":{"line":175,"column":0},"end":{"line":175,"column":30}},"175":{"start":{"line":176,"column":0},"end":{"line":176,"column":39}},"176":{"start":{"line":177,"column":0},"end":{"line":177,"column":38}},"177":{"start":{"line":178,"column":0},"end":{"line":178,"column":13}},"178":{"start":{"line":179,"column":0},"end":{"line":179,"column":11}},"179":{"start":{"line":180,"column":0},"end":{"line":180,"column":9}},"180":{"start":{"line":181,"column":0},"end":{"line":181,"column":7}},"181":{"start":{"line":182,"column":0},"end":{"line":182,"column":25}},"182":{"start":{"line":183,"column":0},"end":{"line":183,"column":12}},"183":{"start":{"line":184,"column":0},"end":{"line":184,"column":10}},"184":{"start":{"line":185,"column":0},"end":{"line":185,"column":8}},"185":{"start":{"line":186,"column":0},"end":{"line":186,"column":8}},"186":{"start":{"line":187,"column":0},"end":{"line":187,"column":8}},"187":{"start":{"line":188,"column":0},"end":{"line":188,"column":11}}},"s":{"0":1,"1":1,"2":1,"3":1,"4":1,"5":1,"6":1,"7":1,"8":1,"9":1,"10":1,"11":1,"12":1,"13":1,"14":1,"15":1,"16":1,"17":1,"18":1,"19":1,"20":1,"21":1,"22":1,"23":1,"24":1,"25":1,"26":1,"27":1,"28":1,"29":1,"30":1,"31":1,"32":1,"33":1,"34":1,"35":1,"36":1,"37":1,"38":1,"39":10,"40":10,"41":1,"42":9,"43":9,"44":9,"45":9,"46":3,"47":3,"48":9,"49":6,"50":6,"51":1,"52":1,"53":1,"54":1,"55":2,"56":1,"57":1,"58":2,"59":1,"60":1,"61":2,"62":2,"63":2,"64":2,"65":2,"66":2,"67":2,"68":2,"69":2,"70":1,"71":1,"72":1,"73":1,"74":3,"75":3,"76":3,"77":3,"78":3,"79":1,"80":1,"81":10,"82":10,"83":10,"84":10,"85":10,"86":10,"87":10,"88":10,"89":10,"90":10,"91":10,"92":10,"93":10,"94":10,"95":10,"96":1,"97":1,"98":10,"99":10,"100":10,"101":10,"102":10,"103":10,"104":10,"105":10,"106":10,"107":10,"108":10,"109":10,"110":10,"111":10,"112":10,"113":1,"114":1,"115":12,"116":12,"117":12,"118":12,"119":12,"120":12,"121":12,"122":1,"123":1,"124":1,"125":12,"126":9,"127":9,"128":9,"129":39,"130":159,"131":39,"132":39,"133":39,"134":9,"135":9,"136":9,"137":1,"138":1,"139":1,"140":1,"141":1,"142":1,"143":1,"144":1,"145":1,"146":1,"147":1,"148":1,"149":1,"150":1,"151":1,"152":1,"153":1,"154":1,"155":1,"156":1,"157":1,"158":1,"159":1,"160":1,"161":1,"162":1,"163":1,"164":1,"165":1,"166":1,"167":1,"168":1,"169":1,"170":1,"171":1,"172":1,"173":1,"174":1,"175":1,"176":1,"177":1,"178":1,"179":1,"180":1,"181":1,"182":1,"183":1,"184":1,"185":1,"186":1,"187":1},"branchMap":{"0":{"type":"branch","line":39,"loc":{"start":{"line":39,"column":21},"end":{"line":41,"column":1}},"locations":[{"start":{"line":39,"column":21},"end":{"line":41,"column":1}}]},"1":{"type":"branch","line":42,"loc":{"start":{"line":42,"column":10},"end":{"line":52,"column":1}},"locations":[{"start":{"line":42,"column":10},"end":{"line":52,"column":1}}]},"2":{"type":"branch","line":46,"loc":{"start":{"line":46,"column":31},"end":{"line":48,"column":3}},"locations":[{"start":{"line":46,"column":31},"end":{"line":48,"column":3}}]},"3":{"type":"branch","line":49,"loc":{"start":{"line":49,"column":31},"end":{"line":51,"column":3}},"locations":[{"start":{"line":49,"column":31},"end":{"line":51,"column":3}}]},"4":{"type":"branch","line":54,"loc":{"start":{"line":54,"column":2},"end":{"line":54,"column":26}},"locations":[{"start":{"line":54,"column":2},"end":{"line":54,"column":26}}]},"5":{"type":"branch","line":55,"loc":{"start":{"line":55,"column":2},"end":{"line":70,"column":3}},"locations":[{"start":{"line":55,"column":2},"end":{"line":70,"column":3}}]},"6":{"type":"branch","line":56,"loc":{"start":{"line":56,"column":33},"end":{"line":58,"column":5}},"locations":[{"start":{"line":56,"column":33},"end":{"line":58,"column":5}}]},"7":{"type":"branch","line":59,"loc":{"start":{"line":59,"column":33},"end":{"line":61,"column":5}},"locations":[{"start":{"line":59,"column":33},"end":{"line":61,"column":5}}]},"8":{"type":"branch","line":73,"loc":{"start":{"line":73,"column":2},"end":{"line":73,"column":19}},"locations":[{"start":{"line":73,"column":2},"end":{"line":73,"column":19}}]},"9":{"type":"branch","line":74,"loc":{"start":{"line":74,"column":2},"end":{"line":79,"column":3}},"locations":[{"start":{"line":74,"column":2},"end":{"line":79,"column":3}}]},"10":{"type":"branch","line":81,"loc":{"start":{"line":81,"column":13},"end":{"line":97,"column":1}},"locations":[{"start":{"line":81,"column":13},"end":{"line":97,"column":1}}]},"11":{"type":"branch","line":98,"loc":{"start":{"line":98,"column":12},"end":{"line":114,"column":1}},"locations":[{"start":{"line":98,"column":12},"end":{"line":114,"column":1}}]},"12":{"type":"branch","line":115,"loc":{"start":{"line":115,"column":18},"end":{"line":123,"column":1}},"locations":[{"start":{"line":115,"column":18},"end":{"line":123,"column":1}}]},"13":{"type":"branch","line":125,"loc":{"start":{"line":125,"column":14},"end":{"line":138,"column":1}},"locations":[{"start":{"line":125,"column":14},"end":{"line":138,"column":1}}]},"14":{"type":"branch","line":126,"loc":{"start":{"line":126,"column":24},"end":{"line":137,"column":3}},"locations":[{"start":{"line":126,"column":24},"end":{"line":137,"column":3}}]},"15":{"type":"branch","line":129,"loc":{"start":{"line":129,"column":22},"end":{"line":134,"column":5}},"locations":[{"start":{"line":129,"column":22},"end":{"line":134,"column":5}}]},"16":{"type":"branch","line":130,"loc":{"start":{"line":130,"column":35},"end":{"line":132,"column":7}},"locations":[{"start":{"line":130,"column":35},"end":{"line":132,"column":7}}]},"17":{"type":"branch","line":143,"loc":{"start":{"line":143,"column":18},"end":{"line":143,"column":46}},"locations":[{"start":{"line":143,"column":18},"end":{"line":143,"column":46}}]},"18":{"type":"branch","line":148,"loc":{"start":{"line":148,"column":18},"end":{"line":148,"column":47}},"locations":[{"start":{"line":148,"column":18},"end":{"line":148,"column":47}}]},"19":{"type":"branch","line":143,"loc":{"start":{"line":143,"column":18},"end":{"line":143,"column":46}},"locations":[{"start":{"line":143,"column":18},"end":{"line":143,"column":46}}]},"20":{"type":"branch","line":148,"loc":{"start":{"line":148,"column":18},"end":{"line":148,"column":47}},"locations":[{"start":{"line":148,"column":18},"end":{"line":148,"column":47}}]}},"b":{"0":[10],"1":[9],"2":[3],"3":[6],"4":[11],"5":[2],"6":[1],"7":[1],"8":[12],"9":[3],"10":[10],"11":[10],"12":[12],"13":[12],"14":[9],"15":[39],"16":[159],"17":[9],"18":[9],"19":[1],"20":[1]},"fnMap":{"0":{"name":"setDayChosen","decl":{"start":{"line":39,"column":21},"end":{"line":41,"column":1}},"loc":{"start":{"line":39,"column":21},"end":{"line":41,"column":1}},"line":39},"1":{"name":"__vite_ssr_import_3__.watch.week.value","decl":{"start":{"line":54,"column":2},"end":{"line":54,"column":26}},"loc":{"start":{"line":54,"column":2},"end":{"line":54,"column":26}},"line":54},"2":{"name":"__vite_ssr_import_6__.createElementBlock.__vite_ssr_import_6__.createElementVNode.__vite_ssr_import_6__.createElementVNode.onClick._cache.<computed>._cache.<computed>","decl":{"start":{"line":143,"column":18},"end":{"line":143,"column":46}},"loc":{"start":{"line":143,"column":18},"end":{"line":143,"column":46}},"line":143},"3":{"name":"__vite_ssr_import_6__.createElementBlock.__vite_ssr_import_6__.createElementVNode.__vite_ssr_import_6__.createElementVNode.onClick._cache.<computed>._cache.<computed>","decl":{"start":{"line":148,"column":18},"end":{"line":148,"column":47}},"loc":{"start":{"line":148,"column":18},"end":{"line":148,"column":47}},"line":148}},"f":{"0":10,"1":11,"2":1,"3":1}}
,"/media/ejex/data/web/datepickertest/src/components/DatePicker/utils/calcArray.ts": {"path":"/media/ejex/data/web/datepickertest/src/components/DatePicker/utils/calcArray.ts","all":false,"statementMap":{"0":{"start":{"line":1,"column":0},"end":{"line":1,"column":47}},"1":{"start":{"line":2,"column":0},"end":{"line":2,"column":43}},"2":{"start":{"line":3,"column":0},"end":{"line":3,"column":41}},"3":{"start":{"line":4,"column":0},"end":{"line":4,"column":0}},"4":{"start":{"line":5,"column":0},"end":{"line":5,"column":26}},"5":{"start":{"line":6,"column":0},"end":{"line":6,"column":17}},"6":{"start":{"line":7,"column":0},"end":{"line":7,"column":16}},"7":{"start":{"line":8,"column":0},"end":{"line":8,"column":22}},"8":{"start":{"line":9,"column":0},"end":{"line":9,"column":30}},"9":{"start":{"line":10,"column":0},"end":{"line":10,"column":20}},"10":{"start":{"line":11,"column":0},"end":{"line":11,"column":57}},"11":{"start":{"line":12,"column":0},"end":{"line":12,"column":31}},"12":{"start":{"line":13,"column":0},"end":{"line":13,"column":18}},"13":{"start":{"line":14,"column":0},"end":{"line":14,"column":33}},"14":{"start":{"line":15,"column":0},"end":{"line":15,"column":43}},"15":{"start":{"line":16,"column":0},"end":{"line":16,"column":5}},"16":{"start":{"line":17,"column":0},"end":{"line":17,"column":3}},"17":{"start":{"line":18,"column":0},"end":{"line":18,"column":6}},"18":{"start":{"line":19,"column":0},"end":{"line":19,"column":12}},"19":{"start":{"line":20,"column":0},"end":{"line":20,"column":11}},"20":{"start":{"line":21,"column":0},"end":{"line":21,"column":47}},"21":{"start":{"line":22,"column":0},"end":{"line":22,"column":33}},"22":{"start":{"line":23,"column":0},"end":{"line":23,"column":5}},"23":{"start":{"line":24,"column":0},"end":{"line":24,"column":55}},"24":{"start":{"line":25,"column":0},"end":{"line":25,"column":51}},"25":{"start":{"line":26,"column":0},"end":{"line":26,"column":19}},"26":{"start":{"line":27,"column":0},"end":{"line":27,"column":33}},"27":{"start":{"line":28,"column":0},"end":{"line":28,"column":35}},"28":{"start":{"line":29,"column":0},"end":{"line":29,"column":45}},"29":{"start":{"line":30,"column":0},"end":{"line":30,"column":26}},"30":{"start":{"line":31,"column":0},"end":{"line":31,"column":32}},"31":{"start":{"line":32,"column":0},"end":{"line":32,"column":68}},"32":{"start":{"line":33,"column":0},"end":{"line":33,"column":11}},"33":{"start":{"line":34,"column":0},"end":{"line":34,"column":9}},"34":{"start":{"line":35,"column":0},"end":{"line":35,"column":50}},"35":{"start":{"line":36,"column":0},"end":{"line":36,"column":26}},"36":{"start":{"line":37,"column":0},"end":{"line":37,"column":32}},"37":{"start":{"line":38,"column":0},"end":{"line":38,"column":67}},"38":{"start":{"line":39,"column":0},"end":{"line":39,"column":64}},"39":{"start":{"line":40,"column":0},"end":{"line":40,"column":17}},"40":{"start":{"line":41,"column":0},"end":{"line":41,"column":11}},"41":{"start":{"line":42,"column":0},"end":{"line":42,"column":19}},"42":{"start":{"line":43,"column":0},"end":{"line":43,"column":9}},"43":{"start":{"line":44,"column":0},"end":{"line":44,"column":63}},"44":{"start":{"line":45,"column":0},"end":{"line":45,"column":26}},"45":{"start":{"line":46,"column":0},"end":{"line":46,"column":32}},"46":{"start":{"line":47,"column":0},"end":{"line":47,"column":26}},"47":{"start":{"line":48,"column":0},"end":{"line":48,"column":11}},"48":{"start":{"line":49,"column":0},"end":{"line":49,"column":19}},"49":{"start":{"line":50,"column":0},"end":{"line":50,"column":9}},"50":{"start":{"line":51,"column":0},"end":{"line":51,"column":7}},"51":{"start":{"line":52,"column":0},"end":{"line":52,"column":5}},"52":{"start":{"line":53,"column":0},"end":{"line":53,"column":3}},"53":{"start":{"line":54,"column":0},"end":{"line":54,"column":15}},"54":{"start":{"line":55,"column":0},"end":{"line":55,"column":1}}},"s":{"0":1,"1":1,"2":1,"3":1,"4":1,"5":41,"6":41,"7":41,"8":41,"9":41,"10":41,"11":41,"12":287,"13":287,"14":1435,"15":1435,"16":287,"17":41,"18":41,"19":32,"20":32,"21":32,"22":41,"23":32,"24":32,"25":32,"26":32,"27":160,"28":1120,"29":192,"30":192,"31":192,"32":192,"33":192,"34":1120,"35":86,"36":86,"37":86,"38":38,"39":48,"40":86,"41":86,"42":86,"43":1120,"44":934,"45":934,"46":934,"47":934,"48":934,"49":934,"50":1120,"51":160,"52":32,"53":41,"54":41},"branchMap":{"0":{"type":"branch","line":5,"loc":{"start":{"line":5,"column":25},"end":{"line":55,"column":1}},"locations":[{"start":{"line":5,"column":25},"end":{"line":55,"column":1}}]},"1":{"type":"branch","line":12,"loc":{"start":{"line":12,"column":30},"end":{"line":17,"column":3}},"locations":[{"start":{"line":12,"column":30},"end":{"line":17,"column":3}}]},"2":{"type":"branch","line":14,"loc":{"start":{"line":14,"column":32},"end":{"line":16,"column":5}},"locations":[{"start":{"line":14,"column":32},"end":{"line":16,"column":5}}]},"3":{"type":"branch","line":19,"loc":{"start":{"line":19,"column":4},"end":{"line":20,"column":11}},"locations":[{"start":{"line":19,"column":4},"end":{"line":20,"column":11}}]},"4":{"type":"branch","line":20,"loc":{"start":{"line":20,"column":4},"end":{"line":21,"column":47}},"locations":[{"start":{"line":20,"column":4},"end":{"line":21,"column":47}}]},"5":{"type":"branch","line":21,"loc":{"start":{"line":21,"column":21},"end":{"line":21,"column":47}},"locations":[{"start":{"line":21,"column":21},"end":{"line":21,"column":47}}]},"6":{"type":"branch","line":21,"loc":{"start":{"line":21,"column":42},"end":{"line":22,"column":33}},"locations":[{"start":{"line":21,"column":42},"end":{"line":22,"column":33}}]},"7":{"type":"branch","line":23,"loc":{"start":{"line":23,"column":4},"end":{"line":53,"column":3}},"locations":[{"start":{"line":23,"column":4},"end":{"line":53,"column":3}}]},"8":{"type":"branch","line":27,"loc":{"start":{"line":27,"column":32},"end":{"line":52,"column":5}},"locations":[{"start":{"line":27,"column":32},"end":{"line":52,"column":5}}]},"9":{"type":"branch","line":28,"loc":{"start":{"line":28,"column":34},"end":{"line":51,"column":7}},"locations":[{"start":{"line":28,"column":34},"end":{"line":51,"column":7}}]},"10":{"type":"branch","line":29,"loc":{"start":{"line":29,"column":30},"end":{"line":29,"column":44}},"locations":[{"start":{"line":29,"column":30},"end":{"line":29,"column":44}}]},"11":{"type":"branch","line":29,"loc":{"start":{"line":29,"column":44},"end":{"line":34,"column":9}},"locations":[{"start":{"line":29,"column":44},"end":{"line":34,"column":9}}]},"12":{"type":"branch","line":32,"loc":{"start":{"line":32,"column":39},"end":{"line":32,"column":67}},"locations":[{"start":{"line":32,"column":39},"end":{"line":32,"column":67}}]},"13":{"type":"branch","line":32,"loc":{"start":{"line":32,"column":63},"end":{"line":32,"column":68}},"locations":[{"start":{"line":32,"column":63},"end":{"line":32,"column":68}}]},"14":{"type":"branch","line":35,"loc":{"start":{"line":35,"column":22},"end":{"line":35,"column":49}},"locations":[{"start":{"line":35,"column":22},"end":{"line":35,"column":49}}]},"15":{"type":"branch","line":35,"loc":{"start":{"line":35,"column":49},"end":{"line":43,"column":9}},"locations":[{"start":{"line":35,"column":49},"end":{"line":43,"column":9}}]},"16":{"type":"branch","line":38,"loc":{"start":{"line":38,"column":66},"end":{"line":39,"column":64}},"locations":[{"start":{"line":38,"column":66},"end":{"line":39,"column":64}}]},"17":{"type":"branch","line":39,"loc":{"start":{"line":39,"column":63},"end":{"line":40,"column":17}},"locations":[{"start":{"line":39,"column":63},"end":{"line":40,"column":17}}]},"18":{"type":"branch","line":44,"loc":{"start":{"line":44,"column":23},"end":{"line":44,"column":62}},"locations":[{"start":{"line":44,"column":23},"end":{"line":44,"column":62}}]},"19":{"type":"branch","line":44,"loc":{"start":{"line":44,"column":47},"end":{"line":44,"column":62}},"locations":[{"start":{"line":44,"column":47},"end":{"line":44,"column":62}}]},"20":{"type":"branch","line":44,"loc":{"start":{"line":44,"column":62},"end":{"line":50,"column":9}},"locations":[{"start":{"line":44,"column":62},"end":{"line":50,"column":9}}]}},"b":{"0":[41],"1":[287],"2":[1435],"3":[32],"4":[32],"5":[22],"6":[32],"7":[32],"8":[160],"9":[1120],"10":[192],"11":[192],"12":[44],"13":[148],"14":[86],"15":[86],"16":[38],"17":[48],"18":[1034],"19":[500],"20":[934]},"fnMap":{"0":{"name":"calcArray","decl":{"start":{"line":5,"column":25},"end":{"line":55,"column":1}},"loc":{"start":{"line":5,"column":25},"end":{"line":55,"column":1}},"line":5}},"f":{"0":41}}
,"/media/ejex/data/web/datepickertest/src/components/DatePicker/utils/calcEmptySlots.ts": {"path":"/media/ejex/data/web/datepickertest/src/components/DatePicker/utils/calcEmptySlots.ts","all":false,"statementMap":{"0":{"start":{"line":1,"column":0},"end":{"line":1,"column":41}},"1":{"start":{"line":2,"column":0},"end":{"line":2,"column":0}},"2":{"start":{"line":3,"column":0},"end":{"line":3,"column":31}},"3":{"start":{"line":4,"column":0},"end":{"line":4,"column":22}},"4":{"start":{"line":5,"column":0},"end":{"line":5,"column":15}},"5":{"start":{"line":6,"column":0},"end":{"line":6,"column":16}},"6":{"start":{"line":7,"column":0},"end":{"line":7,"column":21}},"7":{"start":{"line":8,"column":0},"end":{"line":8,"column":18}},"8":{"start":{"line":9,"column":0},"end":{"line":9,"column":16}},"9":{"start":{"line":10,"column":0},"end":{"line":10,"column":16}},"10":{"start":{"line":11,"column":0},"end":{"line":11,"column":58}},"11":{"start":{"line":12,"column":0},"end":{"line":12,"column":67}},"12":{"start":{"line":13,"column":0},"end":{"line":13,"column":24}},"13":{"start":{"line":14,"column":0},"end":{"line":14,"column":34}},"14":{"start":{"line":15,"column":0},"end":{"line":15,"column":3}},"15":{"start":{"line":16,"column":0},"end":{"line":16,"column":15}},"16":{"start":{"line":17,"column":0},"end":{"line":17,"column":24}},"17":{"start":{"line":18,"column":0},"end":{"line":18,"column":3}},"18":{"start":{"line":19,"column":0},"end":{"line":19,"column":14}},"19":{"start":{"line":20,"column":0},"end":{"line":20,"column":27}},"20":{"start":{"line":21,"column":0},"end":{"line":21,"column":3}},"21":{"start":{"line":22,"column":0},"end":{"line":22,"column":15}},"22":{"start":{"line":23,"column":0},"end":{"line":23,"column":1}}},"s":{"0":1,"1":1,"2":1,"3":22,"4":22,"5":22,"6":22,"7":22,"8":22,"9":22,"10":22,"11":22,"12":22,"13":22,"14":22,"15":0,"16":0,"17":0,"18":0,"19":0,"20":0,"21":0,"22":0},"branchMap":{"0":{"type":"branch","line":3,"loc":{"start":{"line":3,"column":30},"end":{"line":23,"column":1}},"locations":[{"start":{"line":3,"column":30},"end":{"line":23,"column":1}}]},"1":{"type":"branch","line":15,"loc":{"start":{"line":15,"column":2},"end":{"line":23,"column":1}},"locations":[{"start":{"line":15,"column":2},"end":{"line":23,"column":1}}]}},"b":{"0":[22],"1":[0]},"fnMap":{"0":{"name":"calcEmptySlots","decl":{"start":{"line":3,"column":30},"end":{"line":23,"column":1}},"loc":{"start":{"line":3,"column":30},"end":{"line":23,"column":1}},"line":3}},"f":{"0":22}}
,"/media/ejex/data/web/datepickertest/src/components/DatePicker/utils/daysInMonth.ts": {"path":"/media/ejex/data/web/datepickertest/src/components/DatePicker/utils/daysInMonth.ts","all":false,"statementMap":{"0":{"start":{"line":1,"column":0},"end":{"line":1,"column":69}},"1":{"start":{"line":2,"column":0},"end":{"line":2,"column":14}},"2":{"start":{"line":3,"column":0},"end":{"line":3,"column":70}},"3":{"start":{"line":4,"column":0},"end":{"line":4,"column":51}},"4":{"start":{"line":5,"column":0},"end":{"line":5,"column":20}},"5":{"start":{"line":6,"column":0},"end":{"line":6,"column":40}},"6":{"start":{"line":7,"column":0},"end":{"line":7,"column":3}},"7":{"start":{"line":8,"column":0},"end":{"line":8,"column":20}},"8":{"start":{"line":9,"column":0},"end":{"line":9,"column":1}}},"s":{"0":1,"1":86,"2":86,"3":86,"4":86,"5":68,"6":68,"7":86,"8":86},"branchMap":{"0":{"type":"branch","line":1,"loc":{"start":{"line":1,"column":27},"end":{"line":9,"column":1}},"locations":[{"start":{"line":1,"column":27},"end":{"line":9,"column":1}}]},"1":{"type":"branch","line":3,"loc":{"start":{"line":3,"column":17},"end":{"line":3,"column":42}},"locations":[{"start":{"line":3,"column":17},"end":{"line":3,"column":42}}]},"2":{"type":"branch","line":3,"loc":{"start":{"line":3,"column":37},"end":{"line":3,"column":61}},"locations":[{"start":{"line":3,"column":37},"end":{"line":3,"column":61}}]},"3":{"type":"branch","line":3,"loc":{"start":{"line":3,"column":57},"end":{"line":3,"column":67}},"locations":[{"start":{"line":3,"column":57},"end":{"line":3,"column":67}}]},"4":{"type":"branch","line":3,"loc":{"start":{"line":3,"column":61},"end":{"line":3,"column":70}},"locations":[{"start":{"line":3,"column":61},"end":{"line":3,"column":70}}]},"5":{"type":"branch","line":4,"loc":{"start":{"line":4,"column":40},"end":{"line":4,"column":49}},"locations":[{"start":{"line":4,"column":40},"end":{"line":4,"column":49}}]},"6":{"type":"branch","line":4,"loc":{"start":{"line":4,"column":44},"end":{"line":4,"column":51}},"locations":[{"start":{"line":4,"column":44},"end":{"line":4,"column":51}}]},"7":{"type":"branch","line":5,"loc":{"start":{"line":5,"column":19},"end":{"line":7,"column":3}},"locations":[{"start":{"line":5,"column":19},"end":{"line":7,"column":3}}]},"8":{"type":"branch","line":6,"loc":{"start":{"line":6,"column":27},"end":{"line":6,"column":38}},"locations":[{"start":{"line":6,"column":27},"end":{"line":6,"column":38}}]},"9":{"type":"branch","line":6,"loc":{"start":{"line":6,"column":33},"end":{"line":6,"column":40}},"locations":[{"start":{"line":6,"column":33},"end":{"line":6,"column":40}}]}},"b":{"0":[86],"1":[8],"2":[8],"3":[78],"4":[8],"5":[68],"6":[18],"7":[68],"8":[1],"9":[67]},"fnMap":{"0":{"name":"daysInMonth","decl":{"start":{"line":1,"column":27},"end":{"line":9,"column":1}},"loc":{"start":{"line":1,"column":27},"end":{"line":9,"column":1}},"line":1}},"f":{"0":86}}
,"/media/ejex/data/web/datepickertest/src/components/DatePicker/utils/getDayWeek.ts": {"path":"/media/ejex/data/web/datepickertest/src/components/DatePicker/utils/getDayWeek.ts","all":false,"statementMap":{"0":{"start":{"line":1,"column":0},"end":{"line":1,"column":27}},"1":{"start":{"line":2,"column":0},"end":{"line":2,"column":15}},"2":{"start":{"line":3,"column":0},"end":{"line":3,"column":16}},"3":{"start":{"line":4,"column":0},"end":{"line":4,"column":21}},"4":{"start":{"line":5,"column":0},"end":{"line":5,"column":20}},"5":{"start":{"line":6,"column":0},"end":{"line":6,"column":14}},"6":{"start":{"line":7,"column":0},"end":{"line":7,"column":56}},"7":{"start":{"line":8,"column":0},"end":{"line":8,"column":40}},"8":{"start":{"line":9,"column":0},"end":{"line":9,"column":1}}},"s":{"0":1,"1":76,"2":76,"3":76,"4":76,"5":76,"6":76,"7":76,"8":76},"branchMap":{"0":{"type":"branch","line":1,"loc":{"start":{"line":1,"column":26},"end":{"line":9,"column":1}},"locations":[{"start":{"line":1,"column":26},"end":{"line":9,"column":1}}]},"1":{"type":"branch","line":8,"loc":{"start":{"line":8,"column":25},"end":{"line":8,"column":40}},"locations":[{"start":{"line":8,"column":25},"end":{"line":8,"column":40}}]}},"b":{"0":[76],"1":[0]},"fnMap":{"0":{"name":"getDayWeek","decl":{"start":{"line":1,"column":26},"end":{"line":9,"column":1}},"loc":{"start":{"line":1,"column":26},"end":{"line":9,"column":1}},"line":1}},"f":{"0":76}}
,"/media/ejex/data/web/datepickertest/src/components/DatePicker/utils/previousNext.ts": {"path":"/media/ejex/data/web/datepickertest/src/components/DatePicker/utils/previousNext.ts","all":false,"statementMap":{"0":{"start":{"line":1,"column":0},"end":{"line":1,"column":43}},"1":{"start":{"line":2,"column":0},"end":{"line":2,"column":0}},"2":{"start":{"line":3,"column":0},"end":{"line":3,"column":29}},"3":{"start":{"line":4,"column":0},"end":{"line":4,"column":18}},"4":{"start":{"line":5,"column":0},"end":{"line":5,"column":15}},"5":{"start":{"line":6,"column":0},"end":{"line":6,"column":15}},"6":{"start":{"line":7,"column":0},"end":{"line":7,"column":18}},"7":{"start":{"line":8,"column":0},"end":{"line":8,"column":39}},"8":{"start":{"line":9,"column":0},"end":{"line":9,"column":17}},"9":{"start":{"line":10,"column":0},"end":{"line":10,"column":64}},"10":{"start":{"line":11,"column":0},"end":{"line":11,"column":45}},"11":{"start":{"line":12,"column":0},"end":{"line":12,"column":29}},"12":{"start":{"line":13,"column":0},"end":{"line":13,"column":29}},"13":{"start":{"line":14,"column":0},"end":{"line":14,"column":5}},"14":{"start":{"line":15,"column":0},"end":{"line":15,"column":3}},"15":{"start":{"line":16,"column":0},"end":{"line":16,"column":17}},"16":{"start":{"line":17,"column":0},"end":{"line":17,"column":40}},"17":{"start":{"line":18,"column":0},"end":{"line":18,"column":26}},"18":{"start":{"line":19,"column":0},"end":{"line":19,"column":5}},"19":{"start":{"line":20,"column":0},"end":{"line":20,"column":3}},"20":{"start":{"line":21,"column":0},"end":{"line":21,"column":15}},"21":{"start":{"line":22,"column":0},"end":{"line":22,"column":1}}},"s":{"0":1,"1":1,"2":1,"3":12,"4":12,"5":12,"6":12,"7":12,"8":12,"9":12,"10":12,"11":38,"12":38,"13":38,"14":12,"15":12,"16":12,"17":32,"18":32,"19":12,"20":12,"21":12},"branchMap":{"0":{"type":"branch","line":3,"loc":{"start":{"line":3,"column":28},"end":{"line":22,"column":1}},"locations":[{"start":{"line":3,"column":28},"end":{"line":22,"column":1}}]},"1":{"type":"branch","line":10,"loc":{"start":{"line":10,"column":57},"end":{"line":10,"column":63}},"locations":[{"start":{"line":10,"column":57},"end":{"line":10,"column":63}}]},"2":{"type":"branch","line":11,"loc":{"start":{"line":11,"column":44},"end":{"line":14,"column":5}},"locations":[{"start":{"line":11,"column":44},"end":{"line":14,"column":5}}]},"3":{"type":"branch","line":17,"loc":{"start":{"line":17,"column":39},"end":{"line":19,"column":5}},"locations":[{"start":{"line":17,"column":39},"end":{"line":19,"column":5}}]}},"b":{"0":[12],"1":[0],"2":[38],"3":[32]},"fnMap":{"0":{"name":"previousNext","decl":{"start":{"line":3,"column":28},"end":{"line":22,"column":1}},"loc":{"start":{"line":3,"column":28},"end":{"line":22,"column":1}},"line":3}},"f":{"0":12}}
}
